{"C:\\Codecrypto\\Criptografia\\src\\crypto.ts": {"path":"C:\\Codecrypto\\Criptografia\\src\\crypto.ts","statementMap":{"0":{"start":{"line":20,"column":0},"end":{"line":20,"column":7}},"1":{"start":{"line":33,"column":0},"end":{"line":33,"column":7}},"2":{"start":{"line":46,"column":0},"end":{"line":46,"column":7}},"3":{"start":{"line":61,"column":0},"end":{"line":61,"column":16}},"4":{"start":{"line":65,"column":0},"end":{"line":65,"column":16}},"5":{"start":{"line":70,"column":0},"end":{"line":70,"column":16}},"6":{"start":{"line":75,"column":0},"end":{"line":75,"column":16}},"7":{"start":{"line":1,"column":0},"end":{"line":1,"column":29}},"8":{"start":{"line":2,"column":0},"end":{"line":2,"column":43}},"9":{"start":{"line":3,"column":0},"end":{"line":3,"column":52}},"10":{"start":{"line":5,"column":27},"end":{"line":5,"column":92}},"11":{"start":{"line":8,"column":13},"end":{"line":8,"column":46}},"12":{"start":{"line":9,"column":2},"end":{"line":9,"column":32}},"13":{"start":{"line":10,"column":2},"end":{"line":10,"column":12}},"14":{"start":{"line":15,"column":2},"end":{"line":15,"column":31}},"15":{"start":{"line":21,"column":14},"end":{"line":21,"column":87}},"16":{"start":{"line":22,"column":15},"end":{"line":22,"column":31}},"17":{"start":{"line":23,"column":17},"end":{"line":23,"column":78}},"18":{"start":{"line":24,"column":16},"end":{"line":24,"column":38}},"19":{"start":{"line":25,"column":2},"end":{"line":25,"column":78}},"20":{"start":{"line":25,"column":36},"end":{"line":25,"column":67}},"21":{"start":{"line":34,"column":16},"end":{"line":34,"column":95}},"22":{"start":{"line":35,"column":13},"end":{"line":35,"column":31}},"23":{"start":{"line":36,"column":13},"end":{"line":36,"column":58}},"24":{"start":{"line":37,"column":20},"end":{"line":37,"column":133}},"25":{"start":{"line":38,"column":16},"end":{"line":38,"column":33}},"26":{"start":{"line":39,"column":16},"end":{"line":39,"column":134}},"27":{"start":{"line":40,"column":2},"end":{"line":43,"column":4}},"28":{"start":{"line":47,"column":13},"end":{"line":47,"column":59}},"29":{"start":{"line":48,"column":13},"end":{"line":48,"column":67}},"30":{"start":{"line":49,"column":20},"end":{"line":49,"column":133}},"31":{"start":{"line":50,"column":32},"end":{"line":50,"column":49}},"32":{"start":{"line":51,"column":30},"end":{"line":51,"column":47}},"33":{"start":{"line":52,"column":16},"end":{"line":52,"column":100}},"34":{"start":{"line":53,"column":2},"end":{"line":53,"column":31}},"35":{"start":{"line":62,"column":2},"end":{"line":62,"column":29}},"36":{"start":{"line":66,"column":14},"end":{"line":66,"column":87}},"37":{"start":{"line":67,"column":2},"end":{"line":67,"column":44}},"38":{"start":{"line":71,"column":14},"end":{"line":71,"column":87}},"39":{"start":{"line":72,"column":2},"end":{"line":72,"column":62}},"40":{"start":{"line":76,"column":14},"end":{"line":76,"column":36}},"41":{"start":{"line":77,"column":2},"end":{"line":77,"column":40}}},"fnMap":{"0":{"name":"toArrayBuffer","decl":{"start":{"line":7,"column":9},"end":{"line":7,"column":22}},"loc":{"start":{"line":7,"column":40},"end":{"line":11,"column":1}}},"1":{"name":"normalizeU8","decl":{"start":{"line":13,"column":9},"end":{"line":13,"column":20}},"loc":{"start":{"line":13,"column":38},"end":{"line":16,"column":1}}},"2":{"name":"sha256Hex","decl":{"start":{"line":20,"column":22},"end":{"line":20,"column":31}},"loc":{"start":{"line":20,"column":60},"end":{"line":26,"column":1}}},"3":{"name":"(anonymous_13)","decl":{"start":{"line":25,"column":31},"end":{"line":25,"column":32}},"loc":{"start":{"line":25,"column":36},"end":{"line":25,"column":67}}},"4":{"name":"aesGcmEncrypt","decl":{"start":{"line":33,"column":22},"end":{"line":33,"column":35}},"loc":{"start":{"line":33,"column":83},"end":{"line":44,"column":1}}},"5":{"name":"aesGcmDecrypt","decl":{"start":{"line":46,"column":22},"end":{"line":46,"column":35}},"loc":{"start":{"line":46,"column":78},"end":{"line":54,"column":1}}},"6":{"name":"ed25519GenerateKeypair","decl":{"start":{"line":61,"column":16},"end":{"line":61,"column":38}},"loc":{"start":{"line":61,"column":38},"end":{"line":63,"column":1}}},"7":{"name":"ed25519Sign","decl":{"start":{"line":65,"column":16},"end":{"line":65,"column":27}},"loc":{"start":{"line":65,"column":79},"end":{"line":68,"column":1}}},"8":{"name":"ed25519Verify","decl":{"start":{"line":70,"column":16},"end":{"line":70,"column":29}},"loc":{"start":{"line":70,"column":104},"end":{"line":73,"column":1}}},"9":{"name":"randomBytes","decl":{"start":{"line":75,"column":16},"end":{"line":75,"column":27}},"loc":{"start":{"line":75,"column":42},"end":{"line":78,"column":1}}}},"branchMap":{"0":{"loc":{"start":{"line":5,"column":27},"end":{"line":5,"column":92}},"type":"binary-expr","locations":[{"start":{"line":5,"column":27},"end":{"line":5,"column":52}},{"start":{"line":5,"column":57},"end":{"line":5,"column":92}}]},"1":{"loc":{"start":{"line":21,"column":14},"end":{"line":21,"column":87}},"type":"cond-expr","locations":[{"start":{"line":21,"column":44},"end":{"line":21,"column":77}},{"start":{"line":21,"column":80},"end":{"line":21,"column":87}}]},"2":{"loc":{"start":{"line":34,"column":16},"end":{"line":34,"column":95}},"type":"cond-expr","locations":[{"start":{"line":34,"column":48},"end":{"line":34,"column":83}},{"start":{"line":34,"column":86},"end":{"line":34,"column":95}}]},"3":{"loc":{"start":{"line":66,"column":14},"end":{"line":66,"column":87}},"type":"cond-expr","locations":[{"start":{"line":66,"column":44},"end":{"line":66,"column":77}},{"start":{"line":66,"column":80},"end":{"line":66,"column":87}}]},"4":{"loc":{"start":{"line":71,"column":14},"end":{"line":71,"column":87}},"type":"cond-expr","locations":[{"start":{"line":71,"column":44},"end":{"line":71,"column":77}},{"start":{"line":71,"column":80},"end":{"line":71,"column":87}}]}},"s":{"0":1,"1":1,"2":1,"3":1,"4":1,"5":1,"6":1,"7":1,"8":1,"9":1,"10":1,"11":7,"12":7,"13":7,"14":6,"15":1,"16":1,"17":1,"18":1,"19":1,"20":32,"21":1,"22":1,"23":1,"24":1,"25":1,"26":1,"27":1,"28":1,"29":1,"30":1,"31":1,"32":1,"33":1,"34":1,"35":1,"36":1,"37":1,"38":2,"39":2,"40":1,"41":1},"f":{"0":7,"1":6,"2":1,"3":32,"4":1,"5":1,"6":1,"7":1,"8":2,"9":1},"b":{"0":[1,1],"1":[1,0],"2":[1,0],"3":[1,0],"4":[2,0]}}
,"C:\\Codecrypto\\Criptografia\\src\\index.ts": {"path":"C:\\Codecrypto\\Criptografia\\src\\index.ts","statementMap":{"0":{"start":{"line":1,"column":0},"end":{"line":1,"column":25}}},"fnMap":{},"branchMap":{},"s":{"0":1},"f":{},"b":{}}
}
