TN:
SF:src\crypto.ts
FN:7,toArrayBuffer
FN:13,normalizeU8
FN:20,sha256Hex
FN:25,(anonymous_13)
FN:33,aesGcmEncrypt
FN:46,aesGcmDecrypt
FN:61,ed25519GenerateKeypair
FN:65,ed25519Sign
FN:70,ed25519Verify
FN:75,randomBytes
FNF:10
FNH:10
FNDA:7,toArrayBuffer
FNDA:6,normalizeU8
FNDA:1,sha256Hex
FNDA:32,(anonymous_13)
FNDA:1,aesGcmEncrypt
FNDA:1,aesGcmDecrypt
FNDA:1,ed25519GenerateKeypair
FNDA:1,ed25519Sign
FNDA:2,ed25519Verify
FNDA:1,randomBytes
DA:1,1
DA:2,1
DA:3,1
DA:5,1
DA:8,7
DA:9,7
DA:10,7
DA:15,6
DA:20,1
DA:21,1
DA:22,1
DA:23,1
DA:24,1
DA:25,32
DA:33,1
DA:34,1
DA:35,1
DA:36,1
DA:37,1
DA:38,1
DA:39,1
DA:40,1
DA:46,1
DA:47,1
DA:48,1
DA:49,1
DA:50,1
DA:51,1
DA:52,1
DA:53,1
DA:61,1
DA:62,1
DA:65,1
DA:66,1
DA:67,1
DA:70,1
DA:71,2
DA:72,2
DA:75,1
DA:76,1
DA:77,1
LF:41
LH:41
BRDA:5,0,0,1
BRDA:5,0,1,1
BRDA:21,1,0,1
BRDA:21,1,1,0
BRDA:34,2,0,1
BRDA:34,2,1,0
BRDA:66,3,0,1
BRDA:66,3,1,0
BRDA:71,4,0,2
BRDA:71,4,1,0
BRF:10
BRH:6
end_of_record
TN:
SF:src\index.ts
FNF:0
FNH:0
DA:1,1
LF:1
LH:1
BRF:0
BRH:0
end_of_record
